Using pre-set license
Built from '2021.3/staging' branch; Version is '2021.3.19f1 (c9714fde33b6) revision 13201743'; Using compiler version '192829333'; Build Type 'Release'
OS: 'Windows 11  (10.0.22621) 64bit Professional' Language: 'ru' Physical Memory: 16167 MB
BatchMode: 1, IsHumanControllingUs: 0, StartBugReporterOnCrash: 0, Is64bit: 1, IsPro: 1

COMMAND LINE ARGUMENTS:
C:\Program Files\Unity 2021.3.19f1\Editor\Unity.exe
-adb2
-batchMode
-noUpm
-name
AssetImportWorker2
-projectPath
D:/Education/Diplom/Einsicht/Einsicht
-logFile
Logs/AssetImportWorker2.log
-srvPort
55332
Successfully changed project path to: D:/Education/Diplom/Einsicht/Einsicht
D:/Education/Diplom/Einsicht/Einsicht
[UnityMemory] Configuration Parameters - Can be set up in boot.config
    "memorysetup-bucket-allocator-granularity=16"
    "memorysetup-bucket-allocator-bucket-count=8"
    "memorysetup-bucket-allocator-block-size=33554432"
    "memorysetup-bucket-allocator-block-count=8"
    "memorysetup-main-allocator-block-size=16777216"
    "memorysetup-thread-allocator-block-size=16777216"
    "memorysetup-gfx-main-allocator-block-size=16777216"
    "memorysetup-gfx-thread-allocator-block-size=16777216"
    "memorysetup-cache-allocator-block-size=4194304"
    "memorysetup-typetree-allocator-block-size=2097152"
    "memorysetup-profiler-bucket-allocator-granularity=16"
    "memorysetup-profiler-bucket-allocator-bucket-count=8"
    "memorysetup-profiler-bucket-allocator-block-size=33554432"
    "memorysetup-profiler-bucket-allocator-block-count=8"
    "memorysetup-profiler-allocator-block-size=16777216"
    "memorysetup-profiler-editor-allocator-block-size=1048576"
    "memorysetup-temp-allocator-size-main=16777216"
    "memorysetup-job-temp-allocator-block-size=2097152"
    "memorysetup-job-temp-allocator-block-size-background=1048576"
    "memorysetup-job-temp-allocator-reduction-small-platforms=262144"
    "memorysetup-temp-allocator-size-background-worker=32768"
    "memorysetup-temp-allocator-size-job-worker=262144"
    "memorysetup-temp-allocator-size-preload-manager=33554432"
    "memorysetup-temp-allocator-size-nav-mesh-worker=65536"
    "memorysetup-temp-allocator-size-audio-worker=65536"
    "memorysetup-temp-allocator-size-cloud-worker=32768"
    "memorysetup-temp-allocator-size-gi-baking-worker=262144"
    "memorysetup-temp-allocator-size-gfx=262144"
Player connection [9868] Host "[IP] 192.168.0.42 [Port] 0 [Flags] 2 [Guid] 3674985928 [EditorId] 3674985928 [Version] 1048832 [Id] WindowsEditor(7,MARA_LEN_LEG_5) [Debug] 1 [PackageName] WindowsEditor [ProjectName] Editor" joined multi-casting on [225.0.0.222:54997]...

Player connection [9868] Host "[IP] 192.168.0.42 [Port] 0 [Flags] 2 [Guid] 3674985928 [EditorId] 3674985928 [Version] 1048832 [Id] WindowsEditor(7,MARA_LEN_LEG_5) [Debug] 1 [PackageName] WindowsEditor [ProjectName] Editor" joined alternative multi-casting on [225.0.0.222:34997]...

Refreshing native plugins compatible for Editor in 64.17 ms, found 3 plugins.
Preloading 0 native plugins for Editor in 0.00 ms.
Initialize engine version: 2021.3.19f1 (c9714fde33b6)
[Subsystems] Discovering subsystems at path C:/Program Files/Unity 2021.3.19f1/Editor/Data/Resources/UnitySubsystems
[Subsystems] Discovering subsystems at path D:/Education/Diplom/Einsicht/Einsicht/Assets
GfxDevice: creating device client; threaded=0; jobified=0
Direct3D:
    Version:  Direct3D 11.0 [level 11.1]
    Renderer: NVIDIA GeForce RTX 3060 Laptop GPU (ID=0x2560)
    Vendor:   NVIDIA
    VRAM:     6023 MB
    Driver:   30.0.15.1236
Initialize mono
Mono path[0] = 'C:/Program Files/Unity 2021.3.19f1/Editor/Data/Managed'
Mono path[1] = 'C:/Program Files/Unity 2021.3.19f1/Editor/Data/MonoBleedingEdge/lib/mono/unityjit-win32'
Mono config path = 'C:/Program Files/Unity 2021.3.19f1/Editor/Data/MonoBleedingEdge/etc'
Using monoOptions --debugger-agent=transport=dt_socket,embedding=1,server=y,suspend=n,address=127.0.0.1:56040
Begin MonoManager ReloadAssembly
Registering precompiled unity dll's ...
Register platform support module: C:/Program Files/Unity 2021.3.19f1/Editor/Data/PlaybackEngines/WindowsStandaloneSupport/UnityEditor.WindowsStandalone.Extensions.dll
Registered in 0.002109 seconds.
Native extension for WindowsStandalone target not found
Refreshing native plugins compatible for Editor in 62.57 ms, found 3 plugins.
Preloading 0 native plugins for Editor in 0.00 ms.
Mono: successfully reloaded assembly
- Completed reload, in  0.485 seconds
Domain Reload Profiling:
	ReloadAssembly (485ms)
		BeginReloadAssembly (55ms)
			ExecutionOrderSort (0ms)
			DisableScriptedObjects (0ms)
			BackupInstance (0ms)
			ReleaseScriptingObjects (0ms)
			CreateAndSetChildDomain (1ms)
		EndReloadAssembly (346ms)
			LoadAssemblies (53ms)
			RebuildTransferFunctionScriptingTraits (0ms)
			SetupTypeCache (78ms)
			ReleaseScriptCaches (0ms)
			RebuildScriptCaches (21ms)
			SetupLoadedEditorAssemblies (207ms)
				LogAssemblyErrors (0ms)
				InitializePlatformSupportModulesInManaged (6ms)
				SetLoadedEditorAssemblies (0ms)
				RefreshPlugins (63ms)
				BeforeProcessingInitializeOnLoad (1ms)
				ProcessInitializeOnLoadAttributes (100ms)
				ProcessInitializeOnLoadMethodAttributes (37ms)
				AfterProcessingInitializeOnLoad (0ms)
				EditorAssembliesLoaded (0ms)
			ExecutionOrderSort2 (0ms)
			AwakeInstancesAfterBackupRestoration (0ms)
Platform modules already initialized, skipping
Registering precompiled user dll's ...
Registered in 0.003115 seconds.
Begin MonoManager ReloadAssembly
Symbol file LoadedFromMemory doesn't match image D:\Education\Diplom\Einsicht\Einsicht\Library\PackageCache\com.unity.visualscripting@1.8.0\Editor\VisualScripting.Core\Dependencies\YamlDotNet\Unity.VisualScripting.YamlDotNet.dll
Symbol file LoadedFromMemory doesn't match image D:\Education\Diplom\Einsicht\Einsicht\Library\PackageCache\com.unity.visualscripting@1.8.0\Editor\VisualScripting.Core\Dependencies\DotNetZip\Unity.VisualScripting.IonicZip.dll
Native extension for WindowsStandalone target not found
Refreshing native plugins compatible for Editor in 0.46 ms, found 3 plugins.
Preloading 0 native plugins for Editor in 0.00 ms.
Mono: successfully reloaded assembly
- Completed reload, in  0.776 seconds
Domain Reload Profiling:
	ReloadAssembly (777ms)
		BeginReloadAssembly (83ms)
			ExecutionOrderSort (0ms)
			DisableScriptedObjects (4ms)
			BackupInstance (0ms)
			ReleaseScriptingObjects (0ms)
			CreateAndSetChildDomain (16ms)
		EndReloadAssembly (600ms)
			LoadAssemblies (58ms)
			RebuildTransferFunctionScriptingTraits (0ms)
			SetupTypeCache (211ms)
			ReleaseScriptCaches (0ms)
			RebuildScriptCaches (39ms)
			SetupLoadedEditorAssemblies (258ms)
				LogAssemblyErrors (0ms)
				InitializePlatformSupportModulesInManaged (3ms)
				SetLoadedEditorAssemblies (0ms)
				RefreshPlugins (1ms)
				BeforeProcessingInitializeOnLoad (63ms)
				ProcessInitializeOnLoadAttributes (171ms)
				ProcessInitializeOnLoadMethodAttributes (15ms)
				AfterProcessingInitializeOnLoad (4ms)
				EditorAssembliesLoaded (0ms)
			ExecutionOrderSort2 (0ms)
			AwakeInstancesAfterBackupRestoration (5ms)
Platform modules already initialized, skipping
========================================================================
Worker process is ready to serve import requests
Launched and connected shader compiler UnityShaderCompiler.exe after 0.04 seconds
Refreshing native plugins compatible for Editor in 0.62 ms, found 3 plugins.
Preloading 0 native plugins for Editor in 0.00 ms.
Unloading 3047 Unused Serialized files (Serialized files now loaded: 0)
Unloading 24 unused Assets / (113.5 KB). Loaded Objects now: 3507.
Memory consumption went from 107.6 MB to 107.5 MB.
Total: 3.065800 ms (FindLiveObjects: 0.274800 ms CreateObjectMapping: 0.114400 ms MarkObjects: 2.586000 ms  DeleteObjects: 0.089600 ms)

AssetImportParameters requested are different than current active one (requested -> active):
  custom:video-decoder-ogg-theora: a1e56fd34408186e4bbccfd4996cb3dc -> 
  custom:container-muxer-webm: aa71ff27fc2769a1b78a27578f13a17b -> 
  custom:container-demuxer-webm: 4f35f7cbe854078d1ac9338744f61a02 -> 
  custom:video-encoder-webm-vp8: eb34c28f22e8b96e1ab97ce403110664 -> 
  custom:video-codec-MediaFoundation-h265: 746d11721c4dcdbdad8f713fa42b33f4 -> 
  custom:audio-encoder-webm-vorbis: bf7c407c2cedff20999df2af8eb42d56 -> 
  custom:framework-win-MediaFoundation: 216162199b28c13a410421893ffa2e32 -> 
  custom:container-demuxer-ogg: 62fdf1f143b41e24485cea50d1cbac27 -> 
  custom:video-decoder-webm-vp8: 9c59270c3fd7afecdb556c50c9e8de78 -> 
  custom:audio-decoder-ogg-vorbis: bf7c407c2cedff20999df2af8eb42d56 -> 
========================================================================
Received Import Request.
  Time since last request: 1001967.025025 seconds.
  path: Assets/Player/marla.fbx
  artifactKey: Guid(b7f87736c9db1094791253ae145b330b) Importer(815301076,1909f56bfc062723c751e8b465ee728b)
Start importing Assets/Player/marla.fbx using Guid(b7f87736c9db1094791253ae145b330b) Importer(815301076,1909f56bfc062723c751e8b465ee728b)  -> (artifact id: '19168df8d8a9043404c600b76c516e19') in 0.188482 seconds 
========================================================================
Received Import Request.
  Time since last request: 15.000409 seconds.
  path: Assets/Player/marla.fbx
  artifactKey: Guid(b7f87736c9db1094791253ae145b330b) Importer(815301076,1909f56bfc062723c751e8b465ee728b)
Start importing Assets/Player/marla.fbx using Guid(b7f87736c9db1094791253ae145b330b) Importer(815301076,1909f56bfc062723c751e8b465ee728b)  -> (artifact id: '84222d65de2ebfabe48a72d46ff836a4') in 0.104668 seconds 
========================================================================
Received Import Request.
  Time since last request: 12.879369 seconds.
  path: Assets/Player/marla.fbx
  artifactKey: Guid(b7f87736c9db1094791253ae145b330b) Importer(815301076,1909f56bfc062723c751e8b465ee728b)
Start importing Assets/Player/marla.fbx using Guid(b7f87736c9db1094791253ae145b330b) Importer(815301076,1909f56bfc062723c751e8b465ee728b)  -> (artifact id: '5b3149c2433e24ad9e987aeae02408ea') in 0.080176 seconds 
========================================================================
Received Import Request.
  Time since last request: 57.125187 seconds.
  path: Assets/Scenes/Textures/New Material.mat
  artifactKey: Guid(fd5ab78b1c2497e4abb7c867ce67cf5e) Importer(815301076,1909f56bfc062723c751e8b465ee728b)
Start importing Assets/Scenes/Textures/New Material.mat using Guid(fd5ab78b1c2497e4abb7c867ce67cf5e) Importer(815301076,1909f56bfc062723c751e8b465ee728b)  -> (artifact id: '1604f7d1292556e8fbe2f0c8dec14d0d') in 0.028350 seconds 
========================================================================
Received Import Request.
  Time since last request: 16.122288 seconds.
  path: Assets/Player/Materials
  artifactKey: Guid(f2174f7a5d0f4c541954592c8be406f3) Importer(815301076,1909f56bfc062723c751e8b465ee728b)
Start importing Assets/Player/Materials using Guid(f2174f7a5d0f4c541954592c8be406f3) Importer(815301076,1909f56bfc062723c751e8b465ee728b)  -> (artifact id: 'e8ec5068dc69dbb3a384f742d88b8d01') in 0.008511 seconds 
========================================================================
Received Import Request.
  Time since last request: 31.925920 seconds.
  path: Assets/Player/marla.fbx
  artifactKey: Guid(b7f87736c9db1094791253ae145b330b) Importer(815301076,1909f56bfc062723c751e8b465ee728b)
Start importing Assets/Player/marla.fbx using Guid(b7f87736c9db1094791253ae145b330b) Importer(815301076,1909f56bfc062723c751e8b465ee728b)  -> (artifact id: 'cc36cb7e9d3fa8f69a6982e18d8cd426') in 0.092136 seconds 
========================================================================
Received Import Request.
  Time since last request: 25.362630 seconds.
  path: Assets/Player/marla.fbx
  artifactKey: Guid(b7f87736c9db1094791253ae145b330b) Importer(815301076,1909f56bfc062723c751e8b465ee728b)
Start importing Assets/Player/marla.fbx using Guid(b7f87736c9db1094791253ae145b330b) Importer(815301076,1909f56bfc062723c751e8b465ee728b)  -> (artifact id: '7194cfcb37cb25dcdd6094903585ccb9') in 0.083951 seconds 
========================================================================
Received Import Request.
  Time since last request: 8.496850 seconds.
  path: Assets/Player/marla.fbx
  artifactKey: Guid(b7f87736c9db1094791253ae145b330b) Importer(815301076,1909f56bfc062723c751e8b465ee728b)
Start importing Assets/Player/marla.fbx using Guid(b7f87736c9db1094791253ae145b330b) Importer(815301076,1909f56bfc062723c751e8b465ee728b)  -> (artifact id: '4af69e72fac47f4fc231e463423f8481') in 0.095394 seconds 
========================================================================
Received Import Request.
  Time since last request: 2.001013 seconds.
  path: Assets/Player/marla.fbx
  artifactKey: Guid(b7f87736c9db1094791253ae145b330b) Importer(815301076,1909f56bfc062723c751e8b465ee728b)
Start importing Assets/Player/marla.fbx using Guid(b7f87736c9db1094791253ae145b330b) Importer(815301076,1909f56bfc062723c751e8b465ee728b)  -> (artifact id: 'd79562d7f6e2e54d430441d81432adbd') in 0.094770 seconds 
